TN:
SF:src/component/Footer.tsx
FN:17,(anonymous_1)
FNF:1
FNH:1
FNDA:6,(anonymous_1)
DA:2,1
DA:3,1
DA:7,1
DA:17,1
DA:18,6
DA:85,1
LF:6
LH:6
BRF:0
BRH:0
end_of_record
TN:
SF:src/component/Navbar.tsx
FN:8,(anonymous_1)
FN:22,(anonymous_2)
FN:24,(anonymous_3)
FN:24,(anonymous_4)
FN:25,(anonymous_5)
FN:39,(anonymous_6)
FN:61,(anonymous_7)
FN:117,(anonymous_8)
FNF:8
FNH:8
FNDA:10,(anonymous_1)
FNDA:40,(anonymous_2)
FNDA:2,(anonymous_3)
FNDA:2,(anonymous_4)
FNDA:1,(anonymous_5)
FNDA:40,(anonymous_6)
FNDA:1,(anonymous_7)
FNDA:1,(anonymous_8)
DA:1,1
DA:2,1
DA:3,1
DA:4,1
DA:5,1
DA:6,1
DA:8,1
DA:9,10
DA:10,10
DA:11,10
DA:13,10
DA:15,10
DA:22,40
DA:24,10
DA:25,10
DA:27,10
DA:40,40
DA:61,1
DA:118,1
DA:119,1
DA:140,1
LF:21
LH:21
BRDA:43,0,0,0
BRDA:43,0,1,40
BRDA:68,1,0,6
BRDA:68,1,1,4
BRDA:78,2,0,6
BRDA:78,2,1,2
BRF:6
BRH:5
end_of_record
TN:
SF:src/component/components/Authetication/Authcontext.tsx
FN:18,(anonymous_7)
FN:18,(anonymous_8)
FN:19,(anonymous_9)
FN:19,(anonymous_10)
FN:20,(anonymous_11)
FN:23,(anonymous_12)
FN:27,(anonymous_13)
FN:38,(anonymous_14)
FN:38,(anonymous_15)
FN:51,(anonymous_16)
FN:51,(anonymous_17)
FN:64,(anonymous_18)
FNF:12
FNH:0
FNDA:0,(anonymous_7)
FNDA:0,(anonymous_8)
FNDA:0,(anonymous_9)
FNDA:0,(anonymous_10)
FNDA:0,(anonymous_11)
FNDA:0,(anonymous_12)
FNDA:0,(anonymous_13)
FNDA:0,(anonymous_14)
FNDA:0,(anonymous_15)
FNDA:0,(anonymous_16)
FNDA:0,(anonymous_17)
FNDA:0,(anonymous_18)
DA:3,1
DA:16,1
DA:18,0
DA:19,0
DA:23,1
DA:24,0
DA:27,0
DA:28,0
DA:29,0
DA:30,0
DA:31,0
DA:34,0
DA:38,0
DA:39,0
DA:40,0
DA:44,0
DA:45,0
DA:46,0
DA:48,0
DA:51,0
DA:52,0
DA:53,0
DA:57,0
DA:58,0
DA:59,0
DA:61,0
DA:64,0
DA:65,0
DA:66,0
DA:69,0
LF:30
LH:3
BRDA:30,0,0,0
BRDA:30,0,1,0
BRDA:39,1,0,0
BRDA:39,1,1,0
BRDA:39,2,0,0
BRDA:39,2,1,0
BRDA:52,3,0,0
BRDA:52,3,1,0
BRDA:52,4,0,0
BRDA:52,4,1,0
BRF:10
BRH:0
end_of_record
TN:
SF:src/component/components/homecomponent/FeaturedProduct.tsx
FN:63,(anonymous_1)
FN:75,(anonymous_2)
FNF:2
FNH:2
FNDA:8,(anonymous_1)
FNDA:32,(anonymous_2)
DA:3,1
DA:4,1
DA:5,1
DA:18,1
DA:63,1
DA:64,8
DA:76,32
DA:125,1
LF:8
LH:8
BRDA:79,0,0,32
BRDA:79,0,1,32
BRDA:90,1,0,32
BRDA:90,1,1,16
BRF:4
BRH:4
end_of_record
TN:
SF:src/component/components/homecomponent/Hero.tsx
FN:7,(anonymous_1)
FNF:1
FNH:1
FNDA:3,(anonymous_1)
DA:3,1
DA:4,1
DA:5,1
DA:7,1
DA:8,3
DA:31,1
LF:6
LH:6
BRF:0
BRH:0
end_of_record
TN:
SF:src/component/components/homecomponent/NewsLetter.tsx
FN:15,(anonymous_1)
FN:27,(anonymous_2)
FN:29,(anonymous_3)
FN:33,(anonymous_4)
FNF:4
FNH:4
FNDA:15,(anonymous_1)
FNDA:3,(anonymous_2)
FNDA:1,(anonymous_3)
FNDA:1,(anonymous_4)
DA:2,1
DA:3,1
DA:4,1
DA:5,1
DA:6,1
DA:7,1
DA:8,1
DA:10,1
DA:15,1
DA:21,15
DA:25,15
DA:27,15
DA:28,3
DA:30,1
DA:31,1
DA:34,1
DA:52,15
DA:105,1
LF:18
LH:18
BRDA:30,0,0,1
BRDA:30,0,1,0
BRDA:74,1,0,15
BRDA:74,1,1,0
BRDA:85,2,0,2
BRDA:85,2,1,13
BRF:6
BRH:4
end_of_record
TN:
SF:src/component/components/homecomponent/Why.tsx
FN:7,(anonymous_1)
FN:40,(anonymous_2)
FNF:2
FNH:2
FNDA:3,(anonymous_1)
FNDA:9,(anonymous_2)
DA:2,1
DA:3,1
DA:4,1
DA:5,1
DA:7,1
DA:8,3
DA:32,3
DA:41,9
DA:55,1
LF:9
LH:9
BRF:0
BRH:0
end_of_record
TN:
SF:src/component/components/homecomponent/whycard/FeatureCard.tsx
FN:11,(anonymous_1)
FNF:1
FNH:1
FNDA:10,(anonymous_1)
DA:2,2
DA:11,2
DA:17,10
DA:28,2
LF:4
LH:4
BRDA:19,0,0,9
BRDA:19,0,1,1
BRF:2
BRH:2
end_of_record
TN:
SF:src/hook/useSubscribeNewsletter.ts
FN:3,useSubscribeNewsletter
FN:7,(anonymous_8)
FN:7,(anonymous_9)
FN:24,(anonymous_10)
FNF:4
FNH:4
FNDA:3,useSubscribeNewsletter
FNDA:2,(anonymous_8)
FNDA:2,(anonymous_9)
FNDA:1,(anonymous_10)
DA:1,2
DA:3,2
DA:4,3
DA:6,3
DA:7,2
DA:8,2
DA:16,2
DA:18,2
DA:19,1
DA:22,1
DA:25,1
LF:11
LH:11
BRDA:18,0,0,1
BRDA:18,0,1,1
BRDA:19,1,0,1
BRDA:19,1,1,0
BRF:4
BRH:3
end_of_record
TN:
SF:src/pages/cartpage.tsx
FN:18,(anonymous_8)
FN:24,(anonymous_9)
FN:32,(anonymous_10)
FN:51,(anonymous_11)
FN:53,(anonymous_12)
FN:54,(anonymous_13)
FN:56,(anonymous_14)
FN:68,(anonymous_15)
FN:74,(anonymous_16)
FN:76,(anonymous_17)
FN:77,(anonymous_18)
FN:83,(anonymous_19)
FN:84,(anonymous_20)
FN:84,(anonymous_21)
FN:88,(anonymous_22)
FN:93,(anonymous_23)
FN:100,(anonymous_24)
FN:100,(anonymous_25)
FN:108,(anonymous_26)
FN:157,(anonymous_27)
FN:180,(anonymous_28)
FN:197,(anonymous_29)
FN:209,(anonymous_30)
FNF:23
FNH:20
FNDA:17,(anonymous_8)
FNDA:7,(anonymous_9)
FNDA:7,(anonymous_10)
FNDA:7,(anonymous_11)
FNDA:1,(anonymous_12)
FNDA:0,(anonymous_13)
FNDA:0,(anonymous_14)
FNDA:10,(anonymous_15)
FNDA:1,(anonymous_16)
FNDA:1,(anonymous_17)
FNDA:1,(anonymous_18)
FNDA:1,(anonymous_19)
FNDA:1,(anonymous_20)
FNDA:1,(anonymous_21)
FNDA:10,(anonymous_22)
FNDA:1,(anonymous_23)
FNDA:1,(anonymous_24)
FNDA:1,(anonymous_25)
FNDA:1,(anonymous_26)
FNDA:0,(anonymous_27)
FNDA:10,(anonymous_28)
FNDA:1,(anonymous_29)
FNDA:1,(anonymous_30)
DA:1,1
DA:2,1
DA:3,1
DA:18,1
DA:19,17
DA:20,17
DA:21,17
DA:24,17
DA:25,7
DA:26,7
DA:29,17
DA:32,17
DA:33,7
DA:34,7
DA:35,7
DA:36,7
DA:37,7
DA:38,7
DA:40,0
DA:43,0
DA:46,0
DA:51,17
DA:52,7
DA:53,1
DA:54,1
DA:55,1
DA:56,0
DA:57,0
DA:62,1
DA:68,17
DA:69,10
DA:74,17
DA:75,1
DA:76,1
DA:77,1
DA:78,1
DA:83,17
DA:84,1
DA:87,17
DA:88,10
DA:93,17
DA:94,1
DA:95,1
DA:96,1
DA:100,17
DA:101,1
DA:102,0
DA:103,0
DA:106,1
DA:108,1
DA:118,1
DA:119,1
DA:125,1
DA:127,1
DA:128,1
DA:129,1
DA:130,1
DA:132,0
DA:135,0
DA:136,0
DA:140,17
DA:157,0
DA:181,10
DA:198,1
DA:209,1
DA:234,1
LF:66
LH:55
BRDA:20,0,0,17
BRDA:20,0,1,15
BRDA:26,1,0,4
BRDA:26,1,1,3
BRDA:34,2,0,7
BRDA:34,2,1,0
BRDA:37,3,0,7
BRDA:37,3,1,0
BRDA:37,4,0,0
BRDA:37,4,1,7
BRDA:37,5,0,7
BRDA:37,5,1,7
BRDA:52,6,0,1
BRDA:52,6,1,6
BRDA:55,7,0,0
BRDA:55,7,1,1
BRDA:57,8,0,0
BRDA:57,8,1,0
BRDA:75,9,0,0
BRDA:75,9,1,1
BRDA:78,10,0,1
BRDA:78,10,1,0
BRDA:101,11,0,0
BRDA:101,11,1,1
BRDA:107,12,0,0
BRDA:107,12,1,1
BRDA:107,13,0,1
BRDA:107,13,1,1
BRDA:127,14,0,1
BRDA:127,14,1,0
BRDA:146,15,0,10
BRDA:146,15,1,7
BRDA:162,16,0,17
BRDA:162,16,1,9
BRDA:162,17,0,7
BRDA:162,17,1,10
BRDA:162,18,0,17
BRDA:162,18,1,10
BRDA:175,19,0,7
BRDA:175,19,1,10
BRF:40
BRH:29
end_of_record
TN:
SF:src/schema/newsletterSchema.ts
FNF:0
FNH:0
DA:2,1
DA:4,1
LF:2
LH:2
BRF:0
BRH:0
end_of_record
TN:
SF:src/style/component/ui/Container.tsx
FN:9,(anonymous_1)
FNF:1
FNH:1
FNDA:45,(anonymous_1)
DA:3,6
DA:9,6
DA:10,45
DA:13,6
LF:4
LH:4
BRF:0
BRH:0
end_of_record
