TN:
SF:src/component/Footer.tsx
FN:17,(anonymous_1)
FNF:1
FNH:1
FNDA:6,(anonymous_1)
DA:2,1
DA:3,1
DA:7,1
DA:17,1
DA:18,6
DA:85,1
LF:6
LH:6
BRF:0
BRH:0
end_of_record
TN:
SF:src/component/components/homecomponent/FeaturedProduct.tsx
FN:63,(anonymous_1)
FN:75,(anonymous_2)
FNF:2
FNH:2
FNDA:8,(anonymous_1)
FNDA:32,(anonymous_2)
DA:3,1
DA:4,1
DA:5,1
DA:18,1
DA:63,1
DA:64,8
DA:76,32
DA:125,1
LF:8
LH:8
BRDA:79,0,0,32
BRDA:79,0,1,32
BRDA:90,1,0,32
BRDA:90,1,1,16
BRF:4
BRH:4
end_of_record
TN:
SF:src/component/components/homecomponent/Hero.tsx
FN:7,(anonymous_1)
FNF:1
FNH:1
FNDA:3,(anonymous_1)
DA:3,1
DA:4,1
DA:5,1
DA:7,1
DA:8,3
DA:31,1
LF:6
LH:6
BRF:0
BRH:0
end_of_record
TN:
SF:src/component/components/homecomponent/NewsLetter.tsx
FN:15,(anonymous_1)
FN:27,(anonymous_2)
FN:29,(anonymous_3)
FN:33,(anonymous_4)
FNF:4
FNH:4
FNDA:15,(anonymous_1)
FNDA:3,(anonymous_2)
FNDA:1,(anonymous_3)
FNDA:1,(anonymous_4)
DA:2,1
DA:3,1
DA:4,1
DA:5,1
DA:6,1
DA:7,1
DA:8,1
DA:10,1
DA:15,1
DA:21,15
DA:25,15
DA:27,15
DA:28,3
DA:30,1
DA:31,1
DA:34,1
DA:52,15
DA:105,1
LF:18
LH:18
BRDA:30,0,0,1
BRDA:30,0,1,0
BRDA:74,1,0,15
BRDA:74,1,1,0
BRDA:85,2,0,2
BRDA:85,2,1,13
BRF:6
BRH:4
end_of_record
TN:
SF:src/component/components/homecomponent/Why.tsx
FN:7,(anonymous_1)
FN:40,(anonymous_2)
FNF:2
FNH:2
FNDA:3,(anonymous_1)
FNDA:9,(anonymous_2)
DA:2,1
DA:3,1
DA:4,1
DA:5,1
DA:7,1
DA:8,3
DA:32,3
DA:41,9
DA:55,1
LF:9
LH:9
BRF:0
BRH:0
end_of_record
TN:
SF:src/component/components/homecomponent/whycard/FeatureCard.tsx
FN:11,(anonymous_1)
FNF:1
FNH:1
FNDA:10,(anonymous_1)
DA:2,2
DA:11,2
DA:17,10
DA:28,2
LF:4
LH:4
BRDA:19,0,0,9
BRDA:19,0,1,1
BRF:2
BRH:2
end_of_record
TN:
SF:src/hook/useSubscribeNewsletter.ts
FN:3,useSubscribeNewsletter
FN:7,(anonymous_8)
FN:7,(anonymous_9)
FN:24,(anonymous_10)
FNF:4
FNH:0
FNDA:0,useSubscribeNewsletter
FNDA:0,(anonymous_8)
FNDA:0,(anonymous_9)
FNDA:0,(anonymous_10)
DA:1,1
DA:3,1
DA:4,0
DA:6,0
DA:7,0
DA:8,0
DA:16,0
DA:18,0
DA:19,0
DA:22,0
DA:25,0
LF:11
LH:2
BRDA:18,0,0,0
BRDA:18,0,1,0
BRDA:19,1,0,0
BRDA:19,1,1,0
BRF:4
BRH:0
end_of_record
TN:
SF:src/schema/newsletterSchema.ts
FNF:0
FNH:0
DA:2,1
DA:4,1
LF:2
LH:2
BRF:0
BRH:0
end_of_record
TN:
SF:src/style/component/ui/Container.tsx
FN:9,(anonymous_1)
FNF:1
FNH:1
FNDA:35,(anonymous_1)
DA:3,5
DA:9,5
DA:10,35
DA:13,5
LF:4
LH:4
BRF:0
BRH:0
end_of_record
