TN:
SF:src/controllers/adminProductpage.ts
FN:5,(anonymous_0)
FN:39,(anonymous_1)
FNF:2
FNH:2
FNDA:3,(anonymous_0)
FNDA:2,(anonymous_1)
DA:3,1
DA:5,1
DA:6,3
DA:7,3
DA:8,3
DA:10,3
DA:11,1
DA:14,2
DA:16,2
DA:22,1
DA:27,1
DA:28,1
DA:39,1
DA:40,2
DA:41,2
DA:42,1
DA:44,1
DA:45,1
LF:18
LH:18
BRDA:10,0,0,1
BRDA:10,0,1,2
BRDA:10,1,0,3
BRDA:10,1,1,3
BRDA:10,1,2,3
BRDA:10,1,3,3
BRF:6
BRH:6
end_of_record
TN:
SF:src/controllers/adminedit.ts
FN:6,(anonymous_0)
FN:40,(anonymous_1)
FNF:2
FNH:2
FNDA:3,(anonymous_0)
FNDA:3,(anonymous_1)
DA:3,1
DA:6,1
DA:7,3
DA:8,3
DA:9,3
DA:10,3
DA:13,3
DA:15,3
DA:25,2
DA:26,1
DA:29,1
DA:34,1
DA:35,1
DA:40,1
DA:41,3
DA:42,3
DA:44,3
DA:45,2
DA:46,1
DA:49,1
DA:51,1
DA:52,1
LF:22
LH:22
BRDA:13,0,0,0
BRDA:13,0,1,3
BRDA:21,1,0,3
BRDA:21,1,1,0
BRDA:25,2,0,1
BRDA:25,2,1,1
BRDA:45,3,0,1
BRDA:45,3,1,1
BRF:8
BRH:6
end_of_record
TN:
SF:src/controllers/auth.ts
FN:52,(anonymous_1)
FN:89,(anonymous_2)
FN:112,(anonymous_3)
FNF:3
FNH:3
FNDA:3,(anonymous_1)
FNDA:3,(anonymous_2)
FNDA:3,(anonymous_3)
DA:2,1
DA:3,1
DA:4,1
DA:5,1
DA:6,1
DA:9,1
DA:11,1
DA:12,1
DA:14,1
DA:15,1
DA:52,1
DA:53,3
DA:55,3
DA:56,3
DA:57,2
DA:58,1
DA:61,1
DA:63,1
DA:65,1
DA:74,1
DA:76,1
DA:82,1
DA:83,1
DA:89,1
DA:90,3
DA:92,3
DA:93,0
DA:96,3
DA:97,3
DA:98,2
DA:100,1
DA:104,1
DA:106,1
DA:107,1
DA:112,1
DA:113,3
DA:115,3
DA:116,3
DA:117,2
DA:118,1
DA:121,1
DA:122,1
DA:123,0
DA:126,1
DA:132,1
DA:138,1
DA:149,1
DA:150,1
LF:48
LH:46
BRDA:57,0,0,1
BRDA:57,0,1,1
BRDA:68,1,0,1
BRDA:68,1,1,0
BRDA:92,2,0,0
BRDA:92,2,1,3
BRDA:92,3,0,3
BRDA:92,3,1,3
BRDA:98,4,0,1
BRDA:98,4,1,1
BRDA:117,5,0,1
BRDA:117,5,1,1
BRDA:122,6,0,0
BRDA:122,6,1,1
BRF:14
BRH:11
end_of_record
TN:
SF:src/controllers/newsletter.controller.ts
FN:4,(anonymous_1)
FNF:1
FNH:1
FNDA:4,(anonymous_1)
DA:2,1
DA:4,1
DA:5,4
DA:7,4
DA:8,1
DA:11,3
DA:13,3
DA:14,1
DA:17,2
DA:18,2
DA:19,1
DA:21,1
DA:22,1
LF:13
LH:13
BRDA:7,0,0,1
BRDA:7,0,1,3
BRDA:13,1,0,1
BRDA:13,1,1,2
BRF:4
BRH:4
end_of_record
TN:
SF:src/controllers/ordercontroller.ts
FN:4,(anonymous_1)
FN:44,(anonymous_2)
FNF:2
FNH:2
FNDA:3,(anonymous_1)
FNDA:3,(anonymous_2)
DA:2,1
DA:4,1
DA:5,3
DA:7,3
DA:8,1
DA:11,2
DA:13,2
DA:20,1
DA:21,1
DA:31,1
DA:36,1
DA:37,1
DA:44,1
DA:45,3
DA:46,3
DA:49,3
DA:62,3
DA:63,1
DA:66,3
DA:69,2
DA:71,2
DA:72,2
DA:73,2
DA:82,2
DA:89,2
DA:91,2
DA:93,1
DA:94,1
LF:28
LH:28
BRDA:7,0,0,1
BRDA:7,0,1,2
BRDA:7,1,0,3
BRDA:7,1,1,2
BRDA:7,1,2,2
BRDA:62,2,0,1
BRDA:62,2,1,2
BRDA:72,3,0,2
BRDA:72,3,1,0
BRF:9
BRH:8
end_of_record
TN:
SF:src/db/db.ts
FN:19,(anonymous_1)
FNF:1
FNH:1
FNDA:1,(anonymous_1)
DA:3,1
DA:4,1
DA:6,1
DA:17,1
DA:19,2
LF:5
LH:5
BRF:0
BRH:0
end_of_record
TN:
SF:src/models/User.ts
FNF:0
FNH:0
DA:1,1
DA:37,1
DA:47,1
DA:48,1
LF:4
LH:4
BRF:0
BRH:0
end_of_record
