{"/home/arvind/Projects/e-commerce/packages/admin/src/frontend/component/Navbar.tsx": {"path":"/home/arvind/Projects/e-commerce/packages/admin/src/frontend/component/Navbar.tsx","statementMap":{"0":{"start":{"line":2,"column":0},"end":{"line":2,"column":40}},"1":{"start":{"line":3,"column":0},"end":{"line":3,"column":41}},"2":{"start":{"line":5,"column":25},"end":{"line":31,"column":1}},"3":{"start":{"line":6,"column":4},"end":{"line":30,"column":6}},"4":{"start":{"line":33,"column":0},"end":{"line":33,"column":22}}},"fnMap":{"0":{"name":"(anonymous_1)","decl":{"start":{"line":5,"column":25},"end":{"line":5,"column":28}},"loc":{"start":{"line":5,"column":30},"end":{"line":31,"column":1}}}},"branchMap":{},"s":{"0":1,"1":1,"2":1,"3":4,"4":1},"f":{"0":4},"b":{}}
,"/home/arvind/Projects/e-commerce/packages/admin/src/frontend/pages/adminProductedit.tsx": {"path":"/home/arvind/Projects/e-commerce/packages/admin/src/frontend/pages/adminProductedit.tsx","statementMap":{"0":{"start":{"line":1,"column":0},"end":{"line":1,"column":51}},"1":{"start":{"line":2,"column":0},"end":{"line":2,"column":58}},"2":{"start":{"line":12,"column":35},"end":{"line":191,"column":1}},"3":{"start":{"line":13,"column":36},"end":{"line":13,"column":59}},"4":{"start":{"line":14,"column":48},"end":{"line":14,"column":78}},"5":{"start":{"line":15,"column":44},"end":{"line":15,"column":71}},"6":{"start":{"line":16,"column":34},"end":{"line":16,"column":49}},"7":{"start":{"line":19,"column":26},"end":{"line":27,"column":5}},"8":{"start":{"line":20,"column":8},"end":{"line":26,"column":9}},"9":{"start":{"line":21,"column":24},"end":{"line":21,"column":77}},"10":{"start":{"line":22,"column":25},"end":{"line":22,"column":41}},"11":{"start":{"line":23,"column":12},"end":{"line":23,"column":30}},"12":{"start":{"line":25,"column":12},"end":{"line":25,"column":61}},"13":{"start":{"line":29,"column":4},"end":{"line":31,"column":11}},"14":{"start":{"line":30,"column":8},"end":{"line":30,"column":24}},"15":{"start":{"line":34,"column":23},"end":{"line":37,"column":5}},"16":{"start":{"line":35,"column":8},"end":{"line":35,"column":35}},"17":{"start":{"line":36,"column":8},"end":{"line":36,"column":30}},"18":{"start":{"line":40,"column":25},"end":{"line":58,"column":5}},"19":{"start":{"line":41,"column":8},"end":{"line":41,"column":85}},"20":{"start":{"line":41,"column":78},"end":{"line":41,"column":85}},"21":{"start":{"line":43,"column":8},"end":{"line":57,"column":9}},"22":{"start":{"line":44,"column":24},"end":{"line":46,"column":14}},"23":{"start":{"line":48,"column":12},"end":{"line":54,"column":13}},"24":{"start":{"line":49,"column":16},"end":{"line":49,"column":59}},"25":{"start":{"line":50,"column":16},"end":{"line":50,"column":32}},"26":{"start":{"line":52,"column":29},"end":{"line":52,"column":45}},"27":{"start":{"line":53,"column":16},"end":{"line":53,"column":50}},"28":{"start":{"line":56,"column":12},"end":{"line":56,"column":60}},"29":{"start":{"line":61,"column":25},"end":{"line":96,"column":5}},"30":{"start":{"line":62,"column":8},"end":{"line":62,"column":27}},"31":{"start":{"line":63,"column":8},"end":{"line":63,"column":36}},"32":{"start":{"line":63,"column":29},"end":{"line":63,"column":36}},"33":{"start":{"line":65,"column":8},"end":{"line":65,"column":25}},"34":{"start":{"line":66,"column":25},"end":{"line":66,"column":39}},"35":{"start":{"line":67,"column":8},"end":{"line":67,"column":53}},"36":{"start":{"line":68,"column":8},"end":{"line":68,"column":66}},"37":{"start":{"line":69,"column":8},"end":{"line":69,"column":53}},"38":{"start":{"line":70,"column":8},"end":{"line":70,"column":65}},"39":{"start":{"line":70,"column":26},"end":{"line":70,"column":65}},"40":{"start":{"line":72,"column":8},"end":{"line":95,"column":9}},"41":{"start":{"line":73,"column":24},"end":{"line":78,"column":null}},"42":{"start":{"line":81,"column":25},"end":{"line":81,"column":41}},"43":{"start":{"line":83,"column":12},"end":{"line":90,"column":13}},"44":{"start":{"line":84,"column":16},"end":{"line":84,"column":57}},"45":{"start":{"line":85,"column":16},"end":{"line":85,"column":40}},"46":{"start":{"line":86,"column":16},"end":{"line":86,"column":38}},"47":{"start":{"line":87,"column":16},"end":{"line":87,"column":32}},"48":{"start":{"line":89,"column":16},"end":{"line":89,"column":50}},"49":{"start":{"line":92,"column":12},"end":{"line":92,"column":60}},"50":{"start":{"line":94,"column":12},"end":{"line":94,"column":30}},"51":{"start":{"line":98,"column":4},"end":{"line":190,"column":6}},"52":{"start":{"line":104,"column":20},"end":{"line":104,"column":42}},"53":{"start":{"line":116,"column":47},"end":{"line":116,"column":66}},"54":{"start":{"line":122,"column":47},"end":{"line":122,"column":71}},"55":{"start":{"line":141,"column":32},"end":{"line":141,"column":94}},"56":{"start":{"line":150,"column":32},"end":{"line":153,"column":34}},"57":{"start":{"line":162,"column":32},"end":{"line":162,"column":94}},"58":{"start":{"line":171,"column":32},"end":{"line":171,"column":90}},"59":{"start":{"line":180,"column":47},"end":{"line":180,"column":70}},"60":{"start":{"line":193,"column":0},"end":{"line":193,"column":32}}},"fnMap":{"0":{"name":"(anonymous_1)","decl":{"start":{"line":12,"column":35},"end":{"line":12,"column":38}},"loc":{"start":{"line":12,"column":40},"end":{"line":191,"column":1}}},"1":{"name":"(anonymous_2)","decl":{"start":{"line":19,"column":26},"end":{"line":19,"column":31}},"loc":{"start":{"line":19,"column":37},"end":{"line":27,"column":5}}},"2":{"name":"(anonymous_3)","decl":{"start":{"line":29,"column":14},"end":{"line":29,"column":17}},"loc":{"start":{"line":29,"column":19},"end":{"line":31,"column":5}}},"3":{"name":"(anonymous_4)","decl":{"start":{"line":34,"column":23},"end":{"line":34,"column":24}},"loc":{"start":{"line":34,"column":44},"end":{"line":37,"column":5}}},"4":{"name":"(anonymous_5)","decl":{"start":{"line":40,"column":25},"end":{"line":40,"column":30}},"loc":{"start":{"line":40,"column":46},"end":{"line":58,"column":5}}},"5":{"name":"(anonymous_6)","decl":{"start":{"line":61,"column":25},"end":{"line":61,"column":30}},"loc":{"start":{"line":61,"column":54},"end":{"line":96,"column":5}}},"6":{"name":"(anonymous_7)","decl":{"start":{"line":103,"column":30},"end":{"line":103,"column":31}},"loc":{"start":{"line":104,"column":20},"end":{"line":104,"column":42}}},"7":{"name":"(anonymous_8)","decl":{"start":{"line":116,"column":41},"end":{"line":116,"column":44}},"loc":{"start":{"line":116,"column":47},"end":{"line":116,"column":66}}},"8":{"name":"(anonymous_9)","decl":{"start":{"line":122,"column":41},"end":{"line":122,"column":44}},"loc":{"start":{"line":122,"column":47},"end":{"line":122,"column":71}}},"9":{"name":"(anonymous_10)","decl":{"start":{"line":140,"column":38},"end":{"line":140,"column":39}},"loc":{"start":{"line":141,"column":32},"end":{"line":141,"column":94}}},"10":{"name":"(anonymous_11)","decl":{"start":{"line":149,"column":38},"end":{"line":149,"column":39}},"loc":{"start":{"line":150,"column":32},"end":{"line":153,"column":34}}},"11":{"name":"(anonymous_12)","decl":{"start":{"line":161,"column":38},"end":{"line":161,"column":39}},"loc":{"start":{"line":162,"column":32},"end":{"line":162,"column":94}}},"12":{"name":"(anonymous_13)","decl":{"start":{"line":170,"column":38},"end":{"line":170,"column":39}},"loc":{"start":{"line":171,"column":32},"end":{"line":171,"column":90}}},"13":{"name":"(anonymous_14)","decl":{"start":{"line":180,"column":41},"end":{"line":180,"column":44}},"loc":{"start":{"line":180,"column":47},"end":{"line":180,"column":70}}}},"branchMap":{"0":{"loc":{"start":{"line":41,"column":8},"end":{"line":41,"column":85}},"type":"if","locations":[{"start":{"line":41,"column":8},"end":{"line":41,"column":85}},{"start":{},"end":{}}]},"1":{"loc":{"start":{"line":48,"column":12},"end":{"line":54,"column":13}},"type":"if","locations":[{"start":{"line":48,"column":12},"end":{"line":54,"column":13}},{"start":{"line":51,"column":19},"end":{"line":54,"column":13}}]},"2":{"loc":{"start":{"line":63,"column":8},"end":{"line":63,"column":36}},"type":"if","locations":[{"start":{"line":63,"column":8},"end":{"line":63,"column":36}},{"start":{},"end":{}}]},"3":{"loc":{"start":{"line":70,"column":8},"end":{"line":70,"column":65}},"type":"if","locations":[{"start":{"line":70,"column":8},"end":{"line":70,"column":65}},{"start":{},"end":{}}]},"4":{"loc":{"start":{"line":83,"column":12},"end":{"line":90,"column":13}},"type":"if","locations":[{"start":{"line":83,"column":12},"end":{"line":90,"column":13}},{"start":{"line":88,"column":19},"end":{"line":90,"column":13}}]},"5":{"loc":{"start":{"line":133,"column":13},"end":{"line":187,"column":null}},"type":"binary-expr","locations":[{"start":{"line":133,"column":13},"end":{"line":133,"column":27}},{"start":{"line":134,"column":16},"end":{"line":186,"column":null}}]},"6":{"loc":{"start":{"line":171,"column":48},"end":{"line":171,"column":89}},"type":"cond-expr","locations":[{"start":{"line":171,"column":65},"end":{"line":171,"column":82}},{"start":{"line":171,"column":85},"end":{"line":171,"column":89}}]},"7":{"loc":{"start":{"line":176,"column":33},"end":{"line":176,"column":71}},"type":"cond-expr","locations":[{"start":{"line":176,"column":43},"end":{"line":176,"column":58}},{"start":{"line":176,"column":61},"end":{"line":176,"column":71}}]}},"s":{"0":1,"1":1,"2":1,"3":23,"4":23,"5":23,"6":23,"7":23,"8":8,"9":8,"10":8,"11":6,"12":2,"13":23,"14":6,"15":23,"16":3,"17":3,"18":23,"19":2,"20":0,"21":2,"22":2,"23":2,"24":1,"25":1,"26":1,"27":1,"28":0,"29":23,"30":2,"31":2,"32":0,"33":2,"34":2,"35":2,"36":2,"37":2,"38":2,"39":0,"40":2,"41":2,"42":2,"43":2,"44":1,"45":1,"46":1,"47":1,"48":1,"49":0,"50":2,"51":23,"52":17,"53":3,"54":2,"55":1,"56":1,"57":1,"58":0,"59":1,"60":1},"f":{"0":23,"1":8,"2":6,"3":3,"4":2,"5":2,"6":17,"7":3,"8":2,"9":1,"10":1,"11":1,"12":0,"13":1},"b":{"0":[0,2],"1":[1,1],"2":[0,2],"3":[0,2],"4":[1,1],"5":[23,9],"6":[0,0],"7":[2,7]}}
,"/home/arvind/Projects/e-commerce/packages/admin/src/frontend/pages/getReady.tsx": {"path":"/home/arvind/Projects/e-commerce/packages/admin/src/frontend/pages/getReady.tsx","statementMap":{"0":{"start":{"line":1,"column":0},"end":{"line":1,"column":51}},"1":{"start":{"line":2,"column":0},"end":{"line":2,"column":47}},"2":{"start":{"line":3,"column":0},"end":{"line":3,"column":43}},"3":{"start":{"line":12,"column":31},"end":{"line":119,"column":1}},"4":{"start":{"line":13,"column":30},"end":{"line":13,"column":53}},"5":{"start":{"line":14,"column":21},"end":{"line":14,"column":34}},"6":{"start":{"line":17,"column":4},"end":{"line":20,"column":11}},"7":{"start":{"line":18,"column":28},"end":{"line":18,"column":84}},"8":{"start":{"line":19,"column":8},"end":{"line":19,"column":30}},"9":{"start":{"line":23,"column":22},"end":{"line":27,"column":5}},"10":{"start":{"line":24,"column":20},"end":{"line":24,"column":36}},"11":{"start":{"line":25,"column":21},"end":{"line":25,"column":37}},"12":{"start":{"line":26,"column":8},"end":{"line":26,"column":63}},"13":{"start":{"line":29,"column":25},"end":{"line":67,"column":5}},"14":{"start":{"line":30,"column":24},"end":{"line":30,"column":36}},"15":{"start":{"line":31,"column":30},"end":{"line":32,"column":null}},"16":{"start":{"line":34,"column":8},"end":{"line":34,"column":35}},"17":{"start":{"line":34,"column":28},"end":{"line":34,"column":35}},"18":{"start":{"line":36,"column":8},"end":{"line":66,"column":9}},"19":{"start":{"line":37,"column":30},"end":{"line":37,"column":97}},"20":{"start":{"line":39,"column":29},"end":{"line":39,"column":43}},"21":{"start":{"line":40,"column":12},"end":{"line":40,"column":57}},"22":{"start":{"line":41,"column":12},"end":{"line":41,"column":63}},"23":{"start":{"line":42,"column":12},"end":{"line":42,"column":50}},"24":{"start":{"line":43,"column":12},"end":{"line":43,"column":48}},"25":{"start":{"line":45,"column":29},"end":{"line":48,"column":14}},"26":{"start":{"line":50,"column":25},"end":{"line":50,"column":46}},"27":{"start":{"line":52,"column":12},"end":{"line":62,"column":13}},"28":{"start":{"line":53,"column":16},"end":{"line":53,"column":73}},"29":{"start":{"line":55,"column":37},"end":{"line":55,"column":72}},"30":{"start":{"line":55,"column":60},"end":{"line":55,"column":71}},"31":{"start":{"line":56,"column":16},"end":{"line":56,"column":39}},"32":{"start":{"line":57,"column":16},"end":{"line":57,"column":83}},"33":{"start":{"line":59,"column":16},"end":{"line":59,"column":61}},"34":{"start":{"line":59,"column":47},"end":{"line":59,"column":61}},"35":{"start":{"line":61,"column":16},"end":{"line":61,"column":76}},"36":{"start":{"line":64,"column":12},"end":{"line":64,"column":61}},"37":{"start":{"line":65,"column":12},"end":{"line":65,"column":59}},"38":{"start":{"line":70,"column":25},"end":{"line":77,"column":5}},"39":{"start":{"line":71,"column":30},"end":{"line":71,"column":97}},"40":{"start":{"line":72,"column":8},"end":{"line":72,"column":35}},"41":{"start":{"line":72,"column":28},"end":{"line":72,"column":35}},"42":{"start":{"line":74,"column":29},"end":{"line":74,"column":64}},"43":{"start":{"line":74,"column":52},"end":{"line":74,"column":63}},"44":{"start":{"line":75,"column":8},"end":{"line":75,"column":31}},"45":{"start":{"line":76,"column":8},"end":{"line":76,"column":75}},"46":{"start":{"line":79,"column":4},"end":{"line":118,"column":6}},"47":{"start":{"line":88,"column":24},"end":{"line":88,"column":41}},"48":{"start":{"line":101,"column":51},"end":{"line":101,"column":70}},"49":{"start":{"line":107,"column":51},"end":{"line":107,"column":70}},"50":{"start":{"line":121,"column":0},"end":{"line":121,"column":28}}},"fnMap":{"0":{"name":"(anonymous_1)","decl":{"start":{"line":12,"column":31},"end":{"line":12,"column":34}},"loc":{"start":{"line":12,"column":36},"end":{"line":119,"column":1}}},"1":{"name":"(anonymous_2)","decl":{"start":{"line":17,"column":14},"end":{"line":17,"column":17}},"loc":{"start":{"line":17,"column":19},"end":{"line":20,"column":5}}},"2":{"name":"(anonymous_3)","decl":{"start":{"line":23,"column":22},"end":{"line":23,"column":27}},"loc":{"start":{"line":23,"column":77},"end":{"line":27,"column":5}}},"3":{"name":"(anonymous_4)","decl":{"start":{"line":29,"column":25},"end":{"line":29,"column":30}},"loc":{"start":{"line":29,"column":49},"end":{"line":67,"column":5}}},"4":{"name":"(anonymous_5)","decl":{"start":{"line":55,"column":50},"end":{"line":55,"column":51}},"loc":{"start":{"line":55,"column":60},"end":{"line":55,"column":71}}},"5":{"name":"(anonymous_6)","decl":{"start":{"line":70,"column":25},"end":{"line":70,"column":26}},"loc":{"start":{"line":70,"column":43},"end":{"line":77,"column":5}}},"6":{"name":"(anonymous_7)","decl":{"start":{"line":74,"column":42},"end":{"line":74,"column":43}},"loc":{"start":{"line":74,"column":52},"end":{"line":74,"column":63}}},"7":{"name":"(anonymous_8)","decl":{"start":{"line":87,"column":31},"end":{"line":87,"column":32}},"loc":{"start":{"line":88,"column":24},"end":{"line":88,"column":41}}},"8":{"name":"(anonymous_9)","decl":{"start":{"line":101,"column":45},"end":{"line":101,"column":48}},"loc":{"start":{"line":101,"column":51},"end":{"line":101,"column":70}}},"9":{"name":"(anonymous_10)","decl":{"start":{"line":107,"column":45},"end":{"line":107,"column":48}},"loc":{"start":{"line":107,"column":51},"end":{"line":107,"column":70}}}},"branchMap":{"0":{"loc":{"start":{"line":18,"column":39},"end":{"line":18,"column":83}},"type":"binary-expr","locations":[{"start":{"line":18,"column":39},"end":{"line":18,"column":75}},{"start":{"line":18,"column":79},"end":{"line":18,"column":83}}]},"1":{"loc":{"start":{"line":34,"column":8},"end":{"line":34,"column":35}},"type":"if","locations":[{"start":{"line":34,"column":8},"end":{"line":34,"column":35}},{"start":{},"end":{}}]},"2":{"loc":{"start":{"line":52,"column":12},"end":{"line":62,"column":13}},"type":"if","locations":[{"start":{"line":52,"column":12},"end":{"line":62,"column":13}},{"start":{"line":60,"column":19},"end":{"line":62,"column":13}}]},"3":{"loc":{"start":{"line":59,"column":16},"end":{"line":59,"column":61}},"type":"if","locations":[{"start":{"line":59,"column":16},"end":{"line":59,"column":61}},{"start":{},"end":{}}]},"4":{"loc":{"start":{"line":61,"column":34},"end":{"line":61,"column":72}},"type":"binary-expr","locations":[{"start":{"line":61,"column":34},"end":{"line":61,"column":46}},{"start":{"line":61,"column":50},"end":{"line":61,"column":72}}]},"5":{"loc":{"start":{"line":72,"column":8},"end":{"line":72,"column":35}},"type":"if","locations":[{"start":{"line":72,"column":8},"end":{"line":72,"column":35}},{"start":{},"end":{}}]},"6":{"loc":{"start":{"line":83,"column":13},"end":{"line":115,"column":null}},"type":"cond-expr","locations":[{"start":{"line":84,"column":16},"end":{"line":84,"column":65}},{"start":{"line":86,"column":16},"end":{"line":114,"column":null}}]}},"s":{"0":1,"1":1,"2":1,"3":1,"4":12,"5":12,"6":12,"7":5,"8":5,"9":12,"10":2,"11":2,"12":2,"13":12,"14":2,"15":2,"16":2,"17":0,"18":2,"19":2,"20":2,"21":2,"22":2,"23":2,"24":2,"25":2,"26":1,"27":1,"28":1,"29":1,"30":1,"31":1,"32":1,"33":1,"34":1,"35":0,"36":1,"37":1,"38":12,"39":1,"40":1,"41":0,"42":1,"43":1,"44":1,"45":1,"46":12,"47":4,"48":2,"49":1,"50":1},"f":{"0":12,"1":5,"2":2,"3":2,"4":1,"5":1,"6":1,"7":4,"8":2,"9":1},"b":{"0":[5,0],"1":[0,2],"2":[1,0],"3":[1,0],"4":[0,0],"5":[0,1],"6":[8,4]}}
,"/home/arvind/Projects/e-commerce/packages/admin/src/frontend/pages/orderhistory.tsx": {"path":"/home/arvind/Projects/e-commerce/packages/admin/src/frontend/pages/orderhistory.tsx","statementMap":{"0":{"start":{"line":1,"column":0},"end":{"line":1,"column":51}},"1":{"start":{"line":17,"column":31},"end":{"line":105,"column":1}},"2":{"start":{"line":18,"column":32},"end":{"line":18,"column":53}},"3":{"start":{"line":19,"column":42},"end":{"line":19,"column":54}},"4":{"start":{"line":21,"column":4},"end":{"line":23,"column":22}},"5":{"start":{"line":22,"column":8},"end":{"line":22,"column":22}},"6":{"start":{"line":25,"column":24},"end":{"line":43,"column":5}},"7":{"start":{"line":26,"column":8},"end":{"line":42,"column":9}},"8":{"start":{"line":27,"column":24},"end":{"line":29,"column":56}},"9":{"start":{"line":31,"column":24},"end":{"line":31,"column":40}},"10":{"start":{"line":32,"column":25},"end":{"line":32,"column":41}},"11":{"start":{"line":35,"column":31},"end":{"line":36,"column":null}},"12":{"start":{"line":36,"column":36},"end":{"line":36,"column":103}},"13":{"start":{"line":39,"column":12},"end":{"line":39,"column":34}},"14":{"start":{"line":41,"column":12},"end":{"line":41,"column":57}},"15":{"start":{"line":46,"column":4},"end":{"line":104,"column":6}},"16":{"start":{"line":56,"column":37},"end":{"line":56,"column":67}},"17":{"start":{"line":82,"column":28},"end":{"line":82,"column":null}},"18":{"start":{"line":87,"column":40},"end":{"line":87,"column":null}},"19":{"start":{"line":107,"column":0},"end":{"line":107,"column":28}}},"fnMap":{"0":{"name":"(anonymous_0)","decl":{"start":{"line":17,"column":31},"end":{"line":17,"column":34}},"loc":{"start":{"line":17,"column":36},"end":{"line":105,"column":1}}},"1":{"name":"(anonymous_1)","decl":{"start":{"line":21,"column":14},"end":{"line":21,"column":17}},"loc":{"start":{"line":21,"column":19},"end":{"line":23,"column":5}}},"2":{"name":"(anonymous_2)","decl":{"start":{"line":25,"column":24},"end":{"line":25,"column":29}},"loc":{"start":{"line":25,"column":35},"end":{"line":43,"column":5}}},"3":{"name":"(anonymous_3)","decl":{"start":{"line":36,"column":16},"end":{"line":36,"column":17}},"loc":{"start":{"line":36,"column":36},"end":{"line":36,"column":103}}},"4":{"name":"(anonymous_4)","decl":{"start":{"line":56,"column":30},"end":{"line":56,"column":31}},"loc":{"start":{"line":56,"column":37},"end":{"line":56,"column":67}}},"5":{"name":"(anonymous_5)","decl":{"start":{"line":81,"column":35},"end":{"line":81,"column":36}},"loc":{"start":{"line":82,"column":28},"end":{"line":82,"column":null}}},"6":{"name":"(anonymous_6)","decl":{"start":{"line":86,"column":53},"end":{"line":86,"column":54}},"loc":{"start":{"line":87,"column":40},"end":{"line":87,"column":null}}}},"branchMap":{"0":{"loc":{"start":{"line":27,"column":24},"end":{"line":29,"column":56}},"type":"cond-expr","locations":[{"start":{"line":28,"column":18},"end":{"line":28,"column":77}},{"start":{"line":29,"column":18},"end":{"line":29,"column":56}}]},"1":{"loc":{"start":{"line":80,"column":21},"end":{"line":99,"column":null}},"type":"cond-expr","locations":[{"start":{"line":81,"column":24},"end":{"line":95,"column":26}},{"start":{"line":97,"column":24},"end":{"line":98,"column":null}}]}},"s":{"0":1,"1":1,"2":7,"3":7,"4":7,"5":5,"6":7,"7":6,"8":6,"9":6,"10":5,"11":5,"12":0,"13":5,"14":1,"15":7,"16":1,"17":2,"18":3,"19":1},"f":{"0":7,"1":5,"2":6,"3":0,"4":1,"5":2,"6":3},"b":{"0":[2,4],"1":[2,5]}}
,"/home/arvind/Projects/e-commerce/packages/admin/src/frontend/pages/productpages.tsx": {"path":"/home/arvind/Projects/e-commerce/packages/admin/src/frontend/pages/productpages.tsx","statementMap":{"0":{"start":{"line":122,"column":0},"end":{"line":122,"column":47}},"1":{"start":{"line":123,"column":0},"end":{"line":123,"column":40}},"2":{"start":{"line":124,"column":0},"end":{"line":124,"column":42}},"3":{"start":{"line":126,"column":31},"end":{"line":234,"column":1}},"4":{"start":{"line":127,"column":42},"end":{"line":127,"column":54}},"5":{"start":{"line":128,"column":30},"end":{"line":128,"column":55}},"6":{"start":{"line":129,"column":28},"end":{"line":129,"column":40}},"7":{"start":{"line":130,"column":30},"end":{"line":130,"column":57}},"8":{"start":{"line":131,"column":44},"end":{"line":131,"column":64}},"9":{"start":{"line":132,"column":21},"end":{"line":132,"column":34}},"10":{"start":{"line":134,"column":30},"end":{"line":152,"column":5}},"11":{"start":{"line":135,"column":21},"end":{"line":135,"column":40}},"12":{"start":{"line":136,"column":8},"end":{"line":136,"column":26}},"13":{"start":{"line":136,"column":19},"end":{"line":136,"column":26}},"14":{"start":{"line":138,"column":8},"end":{"line":138,"column":23}},"15":{"start":{"line":140,"column":23},"end":{"line":140,"column":39}},"16":{"start":{"line":141,"column":8},"end":{"line":143,"column":10}},"17":{"start":{"line":142,"column":12},"end":{"line":142,"column":53}},"18":{"start":{"line":146,"column":8},"end":{"line":149,"column":9}},"19":{"start":{"line":147,"column":12},"end":{"line":147,"column":59}},"20":{"start":{"line":148,"column":12},"end":{"line":148,"column":19}},"21":{"start":{"line":151,"column":8},"end":{"line":151,"column":35}},"22":{"start":{"line":154,"column":25},"end":{"line":172,"column":5}},"23":{"start":{"line":155,"column":8},"end":{"line":155,"column":27}},"24":{"start":{"line":157,"column":8},"end":{"line":160,"column":9}},"25":{"start":{"line":158,"column":12},"end":{"line":158,"column":63}},"26":{"start":{"line":159,"column":12},"end":{"line":159,"column":19}},"27":{"start":{"line":162,"column":27},"end":{"line":162,"column":69}},"28":{"start":{"line":164,"column":8},"end":{"line":171,"column":9}},"29":{"start":{"line":165,"column":34},"end":{"line":165,"column":90}},"30":{"start":{"line":166,"column":12},"end":{"line":166,"column":97}},"31":{"start":{"line":168,"column":12},"end":{"line":168,"column":34}},"32":{"start":{"line":170,"column":12},"end":{"line":170,"column":66}},"33":{"start":{"line":174,"column":4},"end":{"line":233,"column":6}},"34":{"start":{"line":183,"column":41},"end":{"line":183,"column":71}},"35":{"start":{"line":193,"column":28},"end":{"line":193,"column":89}},"36":{"start":{"line":203,"column":41},"end":{"line":203,"column":64}},"37":{"start":{"line":236,"column":0},"end":{"line":236,"column":28}}},"fnMap":{"0":{"name":"(anonymous_1)","decl":{"start":{"line":126,"column":31},"end":{"line":126,"column":34}},"loc":{"start":{"line":126,"column":36},"end":{"line":234,"column":1}}},"1":{"name":"(anonymous_2)","decl":{"start":{"line":134,"column":30},"end":{"line":134,"column":31}},"loc":{"start":{"line":134,"column":73},"end":{"line":152,"column":5}}},"2":{"name":"(anonymous_3)","decl":{"start":{"line":141,"column":27},"end":{"line":141,"column":30}},"loc":{"start":{"line":141,"column":32},"end":{"line":143,"column":9}}},"3":{"name":"(anonymous_4)","decl":{"start":{"line":154,"column":25},"end":{"line":154,"column":26}},"loc":{"start":{"line":154,"column":48},"end":{"line":172,"column":5}}},"4":{"name":"(anonymous_5)","decl":{"start":{"line":183,"column":34},"end":{"line":183,"column":35}},"loc":{"start":{"line":183,"column":41},"end":{"line":183,"column":71}}},"5":{"name":"(anonymous_6)","decl":{"start":{"line":192,"column":34},"end":{"line":192,"column":35}},"loc":{"start":{"line":193,"column":28},"end":{"line":193,"column":89}}},"6":{"name":"(anonymous_7)","decl":{"start":{"line":203,"column":34},"end":{"line":203,"column":35}},"loc":{"start":{"line":203,"column":41},"end":{"line":203,"column":64}}}},"branchMap":{"0":{"loc":{"start":{"line":136,"column":8},"end":{"line":136,"column":26}},"type":"if","locations":[{"start":{"line":136,"column":8},"end":{"line":136,"column":26}},{"start":{},"end":{}}]},"1":{"loc":{"start":{"line":146,"column":8},"end":{"line":149,"column":9}},"type":"if","locations":[{"start":{"line":146,"column":8},"end":{"line":149,"column":9}},{"start":{},"end":{}}]},"2":{"loc":{"start":{"line":157,"column":8},"end":{"line":160,"column":9}},"type":"if","locations":[{"start":{"line":157,"column":8},"end":{"line":160,"column":9}},{"start":{},"end":{}}]},"3":{"loc":{"start":{"line":157,"column":12},"end":{"line":157,"column":60}},"type":"binary-expr","locations":[{"start":{"line":157,"column":12},"end":{"line":157,"column":24}},{"start":{"line":157,"column":28},"end":{"line":157,"column":34}},{"start":{"line":157,"column":38},"end":{"line":157,"column":43}},{"start":{"line":157,"column":47},"end":{"line":157,"column":60}}]},"4":{"loc":{"start":{"line":165,"column":45},"end":{"line":165,"column":89}},"type":"binary-expr","locations":[{"start":{"line":165,"column":45},"end":{"line":165,"column":81}},{"start":{"line":165,"column":85},"end":{"line":165,"column":89}}]},"5":{"loc":{"start":{"line":193,"column":37},"end":{"line":193,"column":88}},"type":"cond-expr","locations":[{"start":{"line":193,"column":61},"end":{"line":193,"column":63}},{"start":{"line":193,"column":66},"end":{"line":193,"column":88}}]},"6":{"loc":{"start":{"line":218,"column":21},"end":{"line":224,"column":null}},"type":"binary-expr","locations":[{"start":{"line":218,"column":21},"end":{"line":218,"column":33}},{"start":{"line":219,"column":24},"end":{"line":223,"column":null}}]}},"s":{"0":1,"1":1,"2":1,"3":1,"4":11,"5":11,"6":11,"7":11,"8":11,"9":11,"10":11,"11":2,"12":2,"13":0,"14":2,"15":2,"16":2,"17":0,"18":2,"19":2,"20":2,"21":0,"22":11,"23":3,"24":3,"25":1,"26":1,"27":2,"28":2,"29":2,"30":2,"31":1,"32":1,"33":11,"34":2,"35":2,"36":2,"37":1},"f":{"0":11,"1":2,"2":0,"3":3,"4":2,"5":2,"6":2},"b":{"0":[0,2],"1":[2,0],"2":[1,2],"3":[3,2,2,2],"4":[2,2],"5":[0,2],"6":[11,2]}}
,"/home/arvind/Projects/e-commerce/packages/admin/src/frontend/pages/Authetication/AdminLogin.tsx": {"path":"/home/arvind/Projects/e-commerce/packages/admin/src/frontend/pages/Authetication/AdminLogin.tsx","statementMap":{"0":{"start":{"line":2,"column":0},"end":{"line":2,"column":40}},"1":{"start":{"line":3,"column":0},"end":{"line":3,"column":47}},"2":{"start":{"line":4,"column":0},"end":{"line":4,"column":45}},"3":{"start":{"line":6,"column":29},"end":{"line":103,"column":1}},"4":{"start":{"line":7,"column":30},"end":{"line":7,"column":42}},"5":{"start":{"line":8,"column":36},"end":{"line":8,"column":48}},"6":{"start":{"line":9,"column":34},"end":{"line":9,"column":49}},"7":{"start":{"line":11,"column":21},"end":{"line":11,"column":34}},"8":{"start":{"line":13,"column":24},"end":{"line":56,"column":5}},"9":{"start":{"line":14,"column":8},"end":{"line":14,"column":27}},"10":{"start":{"line":16,"column":8},"end":{"line":19,"column":9}},"11":{"start":{"line":17,"column":12},"end":{"line":17,"column":44}},"12":{"start":{"line":18,"column":12},"end":{"line":18,"column":19}},"13":{"start":{"line":21,"column":8},"end":{"line":55,"column":9}},"14":{"start":{"line":22,"column":12},"end":{"line":22,"column":29}},"15":{"start":{"line":24,"column":29},"end":{"line":34,"column":14}},"16":{"start":{"line":36,"column":25},"end":{"line":36,"column":46}},"17":{"start":{"line":38,"column":12},"end":{"line":41,"column":13}},"18":{"start":{"line":39,"column":16},"end":{"line":39,"column":54}},"19":{"start":{"line":40,"column":16},"end":{"line":40,"column":23}},"20":{"start":{"line":44,"column":12},"end":{"line":44,"column":54}},"21":{"start":{"line":46,"column":12},"end":{"line":46,"column":45}},"22":{"start":{"line":49,"column":12},"end":{"line":49,"column":41}},"23":{"start":{"line":52,"column":12},"end":{"line":52,"column":59}},"24":{"start":{"line":54,"column":12},"end":{"line":54,"column":30}},"25":{"start":{"line":58,"column":4},"end":{"line":102,"column":6}},"26":{"start":{"line":68,"column":41},"end":{"line":68,"column":65}},"27":{"start":{"line":77,"column":41},"end":{"line":77,"column":68}},"28":{"start":{"line":94,"column":39},"end":{"line":94,"column":64}},"29":{"start":{"line":105,"column":0},"end":{"line":105,"column":26}}},"fnMap":{"0":{"name":"(anonymous_1)","decl":{"start":{"line":6,"column":29},"end":{"line":6,"column":32}},"loc":{"start":{"line":6,"column":34},"end":{"line":103,"column":1}}},"1":{"name":"(anonymous_2)","decl":{"start":{"line":13,"column":24},"end":{"line":13,"column":29}},"loc":{"start":{"line":13,"column":53},"end":{"line":56,"column":5}}},"2":{"name":"(anonymous_3)","decl":{"start":{"line":68,"column":34},"end":{"line":68,"column":35}},"loc":{"start":{"line":68,"column":41},"end":{"line":68,"column":65}}},"3":{"name":"(anonymous_4)","decl":{"start":{"line":77,"column":34},"end":{"line":77,"column":35}},"loc":{"start":{"line":77,"column":41},"end":{"line":77,"column":68}}},"4":{"name":"(anonymous_5)","decl":{"start":{"line":94,"column":33},"end":{"line":94,"column":36}},"loc":{"start":{"line":94,"column":39},"end":{"line":94,"column":64}}}},"branchMap":{"0":{"loc":{"start":{"line":16,"column":8},"end":{"line":19,"column":9}},"type":"if","locations":[{"start":{"line":16,"column":8},"end":{"line":19,"column":9}},{"start":{},"end":{}}]},"1":{"loc":{"start":{"line":16,"column":12},"end":{"line":16,"column":31}},"type":"binary-expr","locations":[{"start":{"line":16,"column":12},"end":{"line":16,"column":18}},{"start":{"line":16,"column":22},"end":{"line":16,"column":31}}]},"2":{"loc":{"start":{"line":38,"column":12},"end":{"line":41,"column":13}},"type":"if","locations":[{"start":{"line":38,"column":12},"end":{"line":41,"column":13}},{"start":{},"end":{}}]},"3":{"loc":{"start":{"line":39,"column":22},"end":{"line":39,"column":52}},"type":"binary-expr","locations":[{"start":{"line":39,"column":22},"end":{"line":39,"column":34}},{"start":{"line":39,"column":38},"end":{"line":39,"column":52}}]},"4":{"loc":{"start":{"line":87,"column":25},"end":{"line":87,"column":61}},"type":"cond-expr","locations":[{"start":{"line":87,"column":35},"end":{"line":87,"column":51}},{"start":{"line":87,"column":54},"end":{"line":87,"column":61}}]}},"s":{"0":1,"1":1,"2":1,"3":1,"4":16,"5":16,"6":16,"7":16,"8":16,"9":3,"10":3,"11":1,"12":1,"13":2,"14":2,"15":2,"16":2,"17":2,"18":1,"19":1,"20":1,"21":1,"22":1,"23":0,"24":2,"25":16,"26":3,"27":3,"28":1,"29":1},"f":{"0":16,"1":3,"2":3,"3":3,"4":1},"b":{"0":[1,2],"1":[3,2],"2":[1,1],"3":[1,0],"4":[2,14]}}
,"/home/arvind/Projects/e-commerce/packages/admin/src/frontend/pages/Authetication/adminsignup.tsx": {"path":"/home/arvind/Projects/e-commerce/packages/admin/src/frontend/pages/Authetication/adminsignup.tsx","statementMap":{"0":{"start":{"line":2,"column":0},"end":{"line":2,"column":40}},"1":{"start":{"line":3,"column":0},"end":{"line":3,"column":47}},"2":{"start":{"line":4,"column":0},"end":{"line":4,"column":46}},"3":{"start":{"line":6,"column":30},"end":{"line":116,"column":1}},"4":{"start":{"line":7,"column":28},"end":{"line":7,"column":40}},"5":{"start":{"line":8,"column":30},"end":{"line":8,"column":42}},"6":{"start":{"line":9,"column":36},"end":{"line":9,"column":48}},"7":{"start":{"line":10,"column":34},"end":{"line":10,"column":49}},"8":{"start":{"line":12,"column":21},"end":{"line":12,"column":34}},"9":{"start":{"line":14,"column":25},"end":{"line":58,"column":5}},"10":{"start":{"line":15,"column":8},"end":{"line":15,"column":27}},"11":{"start":{"line":17,"column":8},"end":{"line":20,"column":9}},"12":{"start":{"line":18,"column":12},"end":{"line":18,"column":44}},"13":{"start":{"line":19,"column":12},"end":{"line":19,"column":19}},"14":{"start":{"line":22,"column":8},"end":{"line":57,"column":9}},"15":{"start":{"line":23,"column":12},"end":{"line":23,"column":29}},"16":{"start":{"line":25,"column":29},"end":{"line":36,"column":14}},"17":{"start":{"line":38,"column":25},"end":{"line":38,"column":46}},"18":{"start":{"line":40,"column":12},"end":{"line":43,"column":13}},"19":{"start":{"line":41,"column":16},"end":{"line":41,"column":55}},"20":{"start":{"line":42,"column":16},"end":{"line":42,"column":23}},"21":{"start":{"line":45,"column":12},"end":{"line":45,"column":57}},"22":{"start":{"line":48,"column":12},"end":{"line":48,"column":54}},"23":{"start":{"line":51,"column":12},"end":{"line":51,"column":37}},"24":{"start":{"line":54,"column":12},"end":{"line":54,"column":59}},"25":{"start":{"line":56,"column":12},"end":{"line":56,"column":30}},"26":{"start":{"line":60,"column":4},"end":{"line":115,"column":6}},"27":{"start":{"line":72,"column":41},"end":{"line":72,"column":64}},"28":{"start":{"line":81,"column":41},"end":{"line":81,"column":65}},"29":{"start":{"line":90,"column":41},"end":{"line":90,"column":68}},"30":{"start":{"line":107,"column":39},"end":{"line":107,"column":63}},"31":{"start":{"line":118,"column":0},"end":{"line":118,"column":27}}},"fnMap":{"0":{"name":"(anonymous_1)","decl":{"start":{"line":6,"column":30},"end":{"line":6,"column":33}},"loc":{"start":{"line":6,"column":35},"end":{"line":116,"column":1}}},"1":{"name":"(anonymous_2)","decl":{"start":{"line":14,"column":25},"end":{"line":14,"column":30}},"loc":{"start":{"line":14,"column":54},"end":{"line":58,"column":5}}},"2":{"name":"(anonymous_3)","decl":{"start":{"line":72,"column":34},"end":{"line":72,"column":35}},"loc":{"start":{"line":72,"column":41},"end":{"line":72,"column":64}}},"3":{"name":"(anonymous_4)","decl":{"start":{"line":81,"column":34},"end":{"line":81,"column":35}},"loc":{"start":{"line":81,"column":41},"end":{"line":81,"column":65}}},"4":{"name":"(anonymous_5)","decl":{"start":{"line":90,"column":34},"end":{"line":90,"column":35}},"loc":{"start":{"line":90,"column":41},"end":{"line":90,"column":68}}},"5":{"name":"(anonymous_6)","decl":{"start":{"line":107,"column":33},"end":{"line":107,"column":36}},"loc":{"start":{"line":107,"column":39},"end":{"line":107,"column":63}}}},"branchMap":{"0":{"loc":{"start":{"line":17,"column":8},"end":{"line":20,"column":9}},"type":"if","locations":[{"start":{"line":17,"column":8},"end":{"line":20,"column":9}},{"start":{},"end":{}}]},"1":{"loc":{"start":{"line":17,"column":12},"end":{"line":17,"column":40}},"type":"binary-expr","locations":[{"start":{"line":17,"column":12},"end":{"line":17,"column":17}},{"start":{"line":17,"column":21},"end":{"line":17,"column":27}},{"start":{"line":17,"column":31},"end":{"line":17,"column":40}}]},"2":{"loc":{"start":{"line":40,"column":12},"end":{"line":43,"column":13}},"type":"if","locations":[{"start":{"line":40,"column":12},"end":{"line":43,"column":13}},{"start":{},"end":{}}]},"3":{"loc":{"start":{"line":41,"column":22},"end":{"line":41,"column":53}},"type":"binary-expr","locations":[{"start":{"line":41,"column":22},"end":{"line":41,"column":34}},{"start":{"line":41,"column":38},"end":{"line":41,"column":53}}]},"4":{"loc":{"start":{"line":100,"column":25},"end":{"line":100,"column":67}},"type":"cond-expr","locations":[{"start":{"line":100,"column":35},"end":{"line":100,"column":48}},{"start":{"line":100,"column":51},"end":{"line":100,"column":67}}]}},"s":{"0":1,"1":1,"2":1,"3":1,"4":19,"5":19,"6":19,"7":19,"8":19,"9":19,"10":3,"11":3,"12":1,"13":1,"14":2,"15":2,"16":2,"17":2,"18":2,"19":1,"20":1,"21":1,"22":1,"23":1,"24":0,"25":2,"26":19,"27":3,"28":3,"29":3,"30":1,"31":1},"f":{"0":19,"1":3,"2":3,"3":3,"4":3,"5":1},"b":{"0":[1,2],"1":[3,2,2],"2":[1,1],"3":[1,0],"4":[2,17]}}
}
