TN:
SF:src/frontend/component/Navbar.tsx
FN:5,(anonymous_1)
FNF:1
FNH:1
FNDA:4,(anonymous_1)
DA:2,1
DA:3,1
DA:5,1
DA:6,4
DA:33,1
LF:5
LH:5
BRF:0
BRH:0
end_of_record
TN:
SF:src/frontend/pages/adminProductedit.tsx
FN:12,(anonymous_1)
FN:19,(anonymous_2)
FN:29,(anonymous_3)
FN:34,(anonymous_4)
FN:40,(anonymous_5)
FN:61,(anonymous_6)
FN:103,(anonymous_7)
FN:116,(anonymous_8)
FN:122,(anonymous_9)
FN:140,(anonymous_10)
FN:149,(anonymous_11)
FN:161,(anonymous_12)
FN:170,(anonymous_13)
FN:180,(anonymous_14)
FNF:14
FNH:13
FNDA:23,(anonymous_1)
FNDA:8,(anonymous_2)
FNDA:6,(anonymous_3)
FNDA:3,(anonymous_4)
FNDA:2,(anonymous_5)
FNDA:2,(anonymous_6)
FNDA:17,(anonymous_7)
FNDA:3,(anonymous_8)
FNDA:2,(anonymous_9)
FNDA:1,(anonymous_10)
FNDA:1,(anonymous_11)
FNDA:1,(anonymous_12)
FNDA:0,(anonymous_13)
FNDA:1,(anonymous_14)
DA:1,1
DA:2,1
DA:12,1
DA:13,23
DA:14,23
DA:15,23
DA:16,23
DA:19,23
DA:20,8
DA:21,8
DA:22,8
DA:23,6
DA:25,2
DA:29,23
DA:30,6
DA:34,23
DA:35,3
DA:36,3
DA:40,23
DA:41,2
DA:43,2
DA:44,2
DA:48,2
DA:49,1
DA:50,1
DA:52,1
DA:53,1
DA:56,0
DA:61,23
DA:62,2
DA:63,2
DA:65,2
DA:66,2
DA:67,2
DA:68,2
DA:69,2
DA:70,2
DA:72,2
DA:73,2
DA:81,2
DA:83,2
DA:84,1
DA:85,1
DA:86,1
DA:87,1
DA:89,1
DA:92,0
DA:94,2
DA:98,23
DA:104,17
DA:116,3
DA:122,2
DA:141,1
DA:150,1
DA:162,1
DA:171,0
DA:180,1
DA:193,1
LF:58
LH:55
BRDA:41,0,0,0
BRDA:41,0,1,2
BRDA:48,1,0,1
BRDA:48,1,1,1
BRDA:63,2,0,0
BRDA:63,2,1,2
BRDA:70,3,0,0
BRDA:70,3,1,2
BRDA:83,4,0,1
BRDA:83,4,1,1
BRDA:133,5,0,23
BRDA:133,5,1,9
BRDA:171,6,0,0
BRDA:171,6,1,0
BRDA:176,7,0,2
BRDA:176,7,1,7
BRF:16
BRH:11
end_of_record
TN:
SF:src/frontend/pages/getReady.tsx
FN:12,(anonymous_1)
FN:17,(anonymous_2)
FN:23,(anonymous_3)
FN:29,(anonymous_4)
FN:55,(anonymous_5)
FN:70,(anonymous_6)
FN:74,(anonymous_7)
FN:87,(anonymous_8)
FN:101,(anonymous_9)
FN:107,(anonymous_10)
FNF:10
FNH:10
FNDA:12,(anonymous_1)
FNDA:5,(anonymous_2)
FNDA:2,(anonymous_3)
FNDA:2,(anonymous_4)
FNDA:1,(anonymous_5)
FNDA:1,(anonymous_6)
FNDA:1,(anonymous_7)
FNDA:4,(anonymous_8)
FNDA:2,(anonymous_9)
FNDA:1,(anonymous_10)
DA:1,1
DA:2,1
DA:3,1
DA:12,1
DA:13,12
DA:14,12
DA:17,12
DA:18,5
DA:19,5
DA:23,12
DA:24,2
DA:25,2
DA:26,2
DA:29,12
DA:30,2
DA:31,2
DA:34,2
DA:36,2
DA:37,2
DA:39,2
DA:40,2
DA:41,2
DA:42,2
DA:43,2
DA:45,2
DA:50,1
DA:52,1
DA:53,1
DA:55,1
DA:56,1
DA:57,1
DA:59,1
DA:61,0
DA:64,1
DA:65,1
DA:70,12
DA:71,1
DA:72,1
DA:74,1
DA:75,1
DA:76,1
DA:79,12
DA:88,4
DA:101,2
DA:107,1
DA:121,1
LF:46
LH:45
BRDA:18,0,0,5
BRDA:18,0,1,0
BRDA:34,1,0,0
BRDA:34,1,1,2
BRDA:52,2,0,1
BRDA:52,2,1,0
BRDA:59,3,0,1
BRDA:59,3,1,0
BRDA:61,4,0,0
BRDA:61,4,1,0
BRDA:72,5,0,0
BRDA:72,5,1,1
BRDA:83,6,0,8
BRDA:83,6,1,4
BRF:14
BRH:7
end_of_record
TN:
SF:src/frontend/pages/orderhistory.tsx
FN:17,(anonymous_0)
FN:21,(anonymous_1)
FN:25,(anonymous_2)
FN:36,(anonymous_3)
FN:56,(anonymous_4)
FN:81,(anonymous_5)
FN:86,(anonymous_6)
FNF:7
FNH:6
FNDA:7,(anonymous_0)
FNDA:5,(anonymous_1)
FNDA:6,(anonymous_2)
FNDA:0,(anonymous_3)
FNDA:1,(anonymous_4)
FNDA:2,(anonymous_5)
FNDA:3,(anonymous_6)
DA:1,1
DA:17,1
DA:18,7
DA:19,7
DA:21,7
DA:22,5
DA:25,7
DA:26,6
DA:27,6
DA:31,6
DA:32,5
DA:35,5
DA:36,0
DA:39,5
DA:41,1
DA:46,7
DA:56,1
DA:82,2
DA:87,3
DA:107,1
LF:20
LH:19
BRDA:27,0,0,2
BRDA:27,0,1,4
BRDA:80,1,0,2
BRDA:80,1,1,5
BRF:4
BRH:4
end_of_record
TN:
SF:src/frontend/pages/productpages.tsx
FN:126,(anonymous_1)
FN:134,(anonymous_2)
FN:141,(anonymous_3)
FN:154,(anonymous_4)
FN:183,(anonymous_5)
FN:192,(anonymous_6)
FN:203,(anonymous_7)
FNF:7
FNH:6
FNDA:11,(anonymous_1)
FNDA:2,(anonymous_2)
FNDA:0,(anonymous_3)
FNDA:3,(anonymous_4)
FNDA:2,(anonymous_5)
FNDA:2,(anonymous_6)
FNDA:2,(anonymous_7)
DA:122,1
DA:123,1
DA:124,1
DA:126,1
DA:127,11
DA:128,11
DA:129,11
DA:130,11
DA:131,11
DA:132,11
DA:134,11
DA:135,2
DA:136,2
DA:138,2
DA:140,2
DA:141,2
DA:142,0
DA:146,2
DA:147,2
DA:148,2
DA:151,0
DA:154,11
DA:155,3
DA:157,3
DA:158,1
DA:159,1
DA:162,2
DA:164,2
DA:165,2
DA:166,2
DA:168,1
DA:170,1
DA:174,11
DA:183,2
DA:193,2
DA:203,2
DA:236,1
LF:37
LH:35
BRDA:136,0,0,0
BRDA:136,0,1,2
BRDA:146,1,0,2
BRDA:146,1,1,0
BRDA:157,2,0,1
BRDA:157,2,1,2
BRDA:157,3,0,3
BRDA:157,3,1,2
BRDA:157,3,2,2
BRDA:157,3,3,2
BRDA:165,4,0,2
BRDA:165,4,1,2
BRDA:193,5,0,0
BRDA:193,5,1,2
BRDA:218,6,0,11
BRDA:218,6,1,2
BRF:16
BRH:13
end_of_record
TN:
SF:src/frontend/pages/Authetication/AdminLogin.tsx
FN:6,(anonymous_1)
FN:13,(anonymous_2)
FN:68,(anonymous_3)
FN:77,(anonymous_4)
FN:94,(anonymous_5)
FNF:5
FNH:5
FNDA:16,(anonymous_1)
FNDA:3,(anonymous_2)
FNDA:3,(anonymous_3)
FNDA:3,(anonymous_4)
FNDA:1,(anonymous_5)
DA:2,1
DA:3,1
DA:4,1
DA:6,1
DA:7,16
DA:8,16
DA:9,16
DA:11,16
DA:13,16
DA:14,3
DA:16,3
DA:17,1
DA:18,1
DA:21,2
DA:22,2
DA:24,2
DA:36,2
DA:38,2
DA:39,1
DA:40,1
DA:44,1
DA:46,1
DA:49,1
DA:52,0
DA:54,2
DA:58,16
DA:68,3
DA:77,3
DA:94,1
DA:105,1
LF:30
LH:29
BRDA:16,0,0,1
BRDA:16,0,1,2
BRDA:16,1,0,3
BRDA:16,1,1,2
BRDA:38,2,0,1
BRDA:38,2,1,1
BRDA:39,3,0,1
BRDA:39,3,1,0
BRDA:87,4,0,2
BRDA:87,4,1,14
BRF:10
BRH:9
end_of_record
TN:
SF:src/frontend/pages/Authetication/adminsignup.tsx
FN:6,(anonymous_1)
FN:14,(anonymous_2)
FN:72,(anonymous_3)
FN:81,(anonymous_4)
FN:90,(anonymous_5)
FN:107,(anonymous_6)
FNF:6
FNH:6
FNDA:19,(anonymous_1)
FNDA:3,(anonymous_2)
FNDA:3,(anonymous_3)
FNDA:3,(anonymous_4)
FNDA:3,(anonymous_5)
FNDA:1,(anonymous_6)
DA:2,1
DA:3,1
DA:4,1
DA:6,1
DA:7,19
DA:8,19
DA:9,19
DA:10,19
DA:12,19
DA:14,19
DA:15,3
DA:17,3
DA:18,1
DA:19,1
DA:22,2
DA:23,2
DA:25,2
DA:38,2
DA:40,2
DA:41,1
DA:42,1
DA:45,1
DA:48,1
DA:51,1
DA:54,0
DA:56,2
DA:60,19
DA:72,3
DA:81,3
DA:90,3
DA:107,1
DA:118,1
LF:32
LH:31
BRDA:17,0,0,1
BRDA:17,0,1,2
BRDA:17,1,0,3
BRDA:17,1,1,2
BRDA:17,1,2,2
BRDA:40,2,0,1
BRDA:40,2,1,1
BRDA:41,3,0,1
BRDA:41,3,1,0
BRDA:100,4,0,2
BRDA:100,4,1,17
BRF:11
BRH:10
end_of_record
